1626603190749	geckodriver	INFO	Listening on 127.0.0.1:65370
1626603193556	mozrunner::runner	INFO	Running command: "C:\\Program Files\\Mozilla Firefox\\firefox.exe" "--marionette" "-foreground" "-no-remote" "-profile" "C:\\Users\\yayar\\AppData\\Local\\Temp\\rust_mozprofile9NmQDQ"
1626603195726	Marionette	INFO	Marionette enabled
console.warn: SearchSettings: "get: No settings file exists, new profile?" (new NotFoundError("Could not open the file at C:\\Users\\yayar\\AppData\\Local\\Temp\\rust_mozprofile9NmQDQ\\search.json.mozlz4", (void 0)))
1626603206242	Marionette	INFO	Listening on port 53349
1626603206555	Marionette	WARN	TLS certificate errors will be ignored for this session
1626603542285	Marionette	INFO	Stopped listening on port 53349

###!!! [Child][RunMessage] Error: Channel closing: too late to send/recv, messages will be lost

JavaScript error: resource:///modules/sessionstore/SessionStore.jsm, line 5046: NS_ERROR_UNEXPECTED: Component returned failure code: 0x8000ffff (NS_ERROR_UNEXPECTED) [nsIWindowMediator.getEnumerator]
 No settings file exists, new profile?" (new NotFoundError("Could not open the file at C:\\Users\\yayar\\AppData\\Local\\Temp\\rust_mozprofile21xTZL\\search.json.mozlz4", (void 0)))
1626603316371	Marionette	INFO	Listening on port 54582
1626603316584	Marionette	WARN	TLS certificate errors will be ignored for this session
1626603527226	Marionette	INFO	Stopped listening on port 54582
6603343029	mozrunner::runner	INFO	Running command: "C:\\Program Files\\Mozilla Firefox\\firefox.exe" "--marionette" "-foreground" "-no-remote" "-profile" "C:\\Users\\yayar\\AppData\\Local\\Temp\\rust_mozprofilehV00G6"
1626603344040	Marionette	INFO	Marionette enabled
console.warn: SearchSettings: "get: No settings file exists, new profile?" (new NotFoundError("Could not open the file at C:\\Users\\yayar\\AppData\\Local\\Temp\\rust_mozprofilehV00G6\\search.json.mozlz4", (void 0)))
1626603367051	Marionette	INFO	Listening on port 62261
1626603367381	Marionette	WARN	TLS certificate errors will be ignored for this session
1626603536771	Marionette	INFO	Stopped listening on port 62261
1626603555397	geckodriver	INFO	Listening on 127.0.0.1:58358
1626603558281	mozrunner::runner	INFO	Running command: "C:\\Program Files\\Mozilla Firefox\\firefox.exe" "--marionette" "-foreground" "-no-remote" "-profile" "C:\\Users\\yayar\\AppData\\Local\\Temp\\rust_mozprofileKmZZrQ"
1626603559302	Marionette	INFO	Marionette enabled
console.warn: SearchSettings: "get: No settings file exists, new profile?" (new NotFoundError("Could not open the file at C:\\Users\\yayar\\AppData\\Local\\Temp\\rust_mozprofileKmZZrQ\\search.json.mozlz4", (void 0)))
1626603567775	Marionette	INFO	Listening on port 51723
1626603568421	Marionette	WARN	TLS certificate errors will be ignored for this session
console.log: WebExtensions: reset-default-search: starting.
console.log: WebExtensions: reset-default-search: No addons in our list are installed.
\\firefox.exe" "--marionette" "-foreground" "-no-remote" "-profile" "C:\\Users\\yayar\\AppData\\Local\\Temp\\rust_mozprofilelYFbHY"
1626603810738	Marionette	INFO	Marionette enabled
console.warn: SearchSettings: "get: No settings file exists, new profile?" (new NotFoundError("Could not open the file at C:\\Users\\yayar\\AppData\\Local\\Temp\\rust_mozprofilelYFbHY\\search.json.mozlz4", (void 0)))
1626603817735	Marionette	INFO	Listening on port 56217
1626603818092	Marionette	WARN	TLS certificate errors will be ignored for this session
console.log: WebExtensions: reset-default-search: starting.
console.log: WebExtensions: reset-default-search: No addons in our list are installed.
\\firefox.exe" "--marionette" "-foreground" "-no-remote" "-profile" "C:\\Users\\yayar\\AppData\\Local\\Temp\\rust_mozprofile6zmCHZ"
1626604031900	Marionette	INFO	Marionette enabled
console.warn: SearchSettings: "get: No settings file exists, new profile?" (new NotFoundError("Could not open the file at C:\\Users\\yayar\\AppData\\Local\\Temp\\rust_mozprofile6zmCHZ\\search.json.mozlz4", (void 0)))
1626604041672	Marionette	INFO	Listening on port 49377
1626604042217	Marionette	WARN	TLS certificate errors will be ignored for this session
console.log: WebExtensions: reset-default-search: starting.
console.log: WebExtensions: reset-default-search: No addons in our list are installed.
\\firefox.exe" "--marionette" "-foreground" "-no-remote" "-profile" "C:\\Users\\yayar\\AppData\\Local\\Temp\\rust_mozprofileKkufoa"
1626604127041	Marionette	INFO	Marionette enabled
console.warn: SearchSettings: "get: No settings file exists, new profile?" (new NotFoundError("Could not open the file at C:\\Users\\yayar\\AppData\\Local\\Temp\\rust_mozprofileKkufoa\\search.json.mozlz4", (void 0)))
1626604142293	Marionette	INFO	Listening on port 60113
1626604142417	Marionette	WARN	TLS certificate errors will be ignored for this session
console.log: WebExtensions: reset-default-search: starting.
console.log: WebExtensions: reset-default-search: No addons in our list are installed.
